android/app/build/intermediates/manifest_merge_blame_file/debug/manifest-merger-blame-debug-report.txt
1<?xml version="1.0" encoding="utf-8"?>
2<manifest xmlns:android="http://schemas.android.com/apk/res/android"
3    package="com.lerningreactnative"
4    android:versionCode="1"
5    android:versionName="1.0" >
6
7    <uses-sdk
8        android:minSdkVersion="21"
9        android:targetSdkVersion="30" />
10
11    <uses-permission android:name="android.permission.SYSTEM_ALERT_WINDOW" />
11-->src/debug/AndroidManifest.xml:5:5-77
11-->src/debug/AndroidManifest.xml:5:22-75
12    <uses-permission android:name="android.permission.INTERNET" />
12-->src/main/AndroidManifest.xml:4:5-67
12-->src/main/AndroidManifest.xml:4:22-64
13    <uses-permission android:name="android.permission.WRITE_EXTERNAL_STORAGE" />
13-->src/main/AndroidManifest.xml:5:5-7:11
13-->src/main/AndroidManifest.xml:6:9-65
14    <uses-permission android:name="android.permission.ACCESS_WIFI_STATE" />
14-->[com.facebook.flipper:flipper:0.99.0] AndroidManifest.xml:16:5-76
14-->[com.facebook.flipper:flipper:0.99.0] AndroidManifest.xml:16:22-73
15    <uses-permission android:name="android.permission.WAKE_LOCK" />
15-->[:react-native-firebase_auth] AndroidManifest.xml:10:5-68
15-->[:react-native-firebase_auth] AndroidManifest.xml:10:22-65
16    <uses-permission android:name="android.permission.ACCESS_NETWORK_STATE" /> <!-- Required by older versions of Google Play services to create IID tokens -->
16-->[:react-native-firebase_auth] AndroidManifest.xml:11:5-79
16-->[:react-native-firebase_auth] AndroidManifest.xml:11:22-76
17    <uses-permission android:name="com.google.android.c2dm.permission.RECEIVE" />
17-->[com.google.firebase:firebase-messaging:22.0.0] AndroidManifest.xml:25:5-82
17-->[com.google.firebase:firebase-messaging:22.0.0] AndroidManifest.xml:25:22-79
18
19    <application
19-->src/main/AndroidManifest.xml:8:5-26:19
20        android:name="com.lerningreactnative.MainApplication"
20-->src/main/AndroidManifest.xml:9:7-38
21        android:allowBackup="false"
21-->src/main/AndroidManifest.xml:13:7-34
22        android:appComponentFactory="androidx.core.app.CoreComponentFactory"
22-->[androidx.core:core:1.5.0] AndroidManifest.xml:24:18-86
23        android:debuggable="true"
24        android:icon="@mipmap/ic_launcher"
24-->src/main/AndroidManifest.xml:11:7-41
25        android:label="@string/app_name"
25-->src/main/AndroidManifest.xml:10:7-39
26        android:roundIcon="@mipmap/ic_launcher_round"
26-->src/main/AndroidManifest.xml:12:7-52
27        android:theme="@style/AppTheme"
27-->src/main/AndroidManifest.xml:14:7-38
28        android:usesCleartextTraffic="true" >
28-->src/debug/AndroidManifest.xml:8:9-44
29        <activity android:name="com.facebook.react.devsupport.DevSettingsActivity" />
29-->src/debug/AndroidManifest.xml:11:9-86
29-->src/debug/AndroidManifest.xml:11:19-83
30        <activity
30-->src/main/AndroidManifest.xml:15:7-25:18
31            android:name="com.lerningreactnative.MainActivity"
31-->src/main/AndroidManifest.xml:16:9-37
32            android:configChanges="keyboard|keyboardHidden|orientation|screenSize|uiMode"
32-->src/main/AndroidManifest.xml:18:9-86
33            android:label="@string/app_name"
33-->src/main/AndroidManifest.xml:17:9-41
34            android:launchMode="singleTask"
34-->src/main/AndroidManifest.xml:19:9-40
35            android:windowSoftInputMode="adjustResize" >
35-->src/main/AndroidManifest.xml:20:9-51
36            <intent-filter>
36-->src/main/AndroidManifest.xml:21:9-24:25
37                <action android:name="android.intent.action.MAIN" />
37-->src/main/AndroidManifest.xml:22:13-65
37-->src/main/AndroidManifest.xml:22:21-62
38
39                <category android:name="android.intent.category.LAUNCHER" />
39-->src/main/AndroidManifest.xml:23:13-73
39-->src/main/AndroidManifest.xml:23:23-70
40            </intent-filter>
41        </activity>
42
43        <service android:name="io.invertase.firebase.messaging.ReactNativeFirebaseMessagingHeadlessService" />
43-->[:react-native-firebase_messaging] AndroidManifest.xml:14:9-111
43-->[:react-native-firebase_messaging] AndroidManifest.xml:14:18-108
44        <service
44-->[:react-native-firebase_messaging] AndroidManifest.xml:15:9-21:19
45            android:name="io.invertase.firebase.messaging.ReactNativeFirebaseMessagingService"
45-->[:react-native-firebase_messaging] AndroidManifest.xml:16:13-95
46            android:exported="false" >
46-->[:react-native-firebase_messaging] AndroidManifest.xml:17:13-37
47            <intent-filter>
47-->[:react-native-firebase_messaging] AndroidManifest.xml:18:13-20:29
48                <action android:name="com.google.firebase.MESSAGING_EVENT" />
48-->[:react-native-firebase_messaging] AndroidManifest.xml:19:17-78
48-->[:react-native-firebase_messaging] AndroidManifest.xml:19:25-75
49            </intent-filter>
50        </service>
51
52        <receiver
52-->[:react-native-firebase_messaging] AndroidManifest.xml:23:9-30:20
53            android:name="io.invertase.firebase.messaging.ReactNativeFirebaseMessagingReceiver"
53-->[:react-native-firebase_messaging] AndroidManifest.xml:24:13-96
54            android:exported="true"
54-->[:react-native-firebase_messaging] AndroidManifest.xml:25:13-36
55            android:permission="com.google.android.c2dm.permission.SEND" >
55-->[:react-native-firebase_messaging] AndroidManifest.xml:26:13-73
56            <intent-filter>
56-->[:react-native-firebase_messaging] AndroidManifest.xml:27:13-29:29
57                <action android:name="com.google.android.c2dm.intent.RECEIVE" />
57-->[:react-native-firebase_messaging] AndroidManifest.xml:28:17-81
57-->[:react-native-firebase_messaging] AndroidManifest.xml:28:25-78
58            </intent-filter>
59        </receiver>
60
61        <meta-data
61-->[:react-native-firebase_messaging] AndroidManifest.xml:32:9-34:36
62            android:name="firebase_messaging_auto_init_enabled"
62-->[:react-native-firebase_messaging] AndroidManifest.xml:33:13-64
63            android:value="true" />
63-->[:react-native-firebase_messaging] AndroidManifest.xml:34:13-33
64        <meta-data
64-->[:react-native-firebase_messaging] AndroidManifest.xml:35:9-37:32
65            android:name="com.google.firebase.messaging.default_notification_channel_id"
65-->[:react-native-firebase_messaging] AndroidManifest.xml:36:13-89
66            android:value="" />
66-->[:react-native-firebase_messaging] AndroidManifest.xml:37:13-29
67        <meta-data
67-->[:react-native-firebase_messaging] AndroidManifest.xml:38:9-40:47
68            android:name="com.google.firebase.messaging.default_notification_color"
68-->[:react-native-firebase_messaging] AndroidManifest.xml:39:13-84
69            android:resource="@color/white" />
69-->[:react-native-firebase_messaging] AndroidManifest.xml:40:13-44
70        <meta-data
70-->[:react-native-firebase_app] AndroidManifest.xml:10:9-12:36
71            android:name="app_data_collection_default_enabled"
71-->[:react-native-firebase_app] AndroidManifest.xml:11:13-63
72            android:value="true" />
72-->[:react-native-firebase_app] AndroidManifest.xml:12:13-33
73
74        <service
74-->[:react-native-firebase_app] AndroidManifest.xml:14:9-18:19
75            android:name="com.google.firebase.components.ComponentDiscoveryService"
75-->[:react-native-firebase_app] AndroidManifest.xml:14:18-89
76            android:directBootAware="true"
76-->[com.google.firebase:firebase-common:20.0.0] AndroidManifest.xml:35:13-43
77            android:exported="false" >
77-->[com.google.firebase:firebase-auth:21.0.1] AndroidManifest.xml:76:13-37
78            <meta-data
78-->[:react-native-firebase_app] AndroidManifest.xml:15:13-17:85
79                android:name="com.google.firebase.components:io.invertase.firebase.app.ReactNativeFirebaseAppRegistrar"
79-->[:react-native-firebase_app] AndroidManifest.xml:16:17-120
80                android:value="com.google.firebase.components.ComponentRegistrar" />
80-->[:react-native-firebase_app] AndroidManifest.xml:17:17-82
81            <meta-data
81-->[com.google.firebase:firebase-auth:21.0.1] AndroidManifest.xml:77:13-79:85
82                android:name="com.google.firebase.components:com.google.firebase.auth.FirebaseAuthRegistrar"
82-->[com.google.firebase:firebase-auth:21.0.1] AndroidManifest.xml:78:17-109
83                android:value="com.google.firebase.components.ComponentRegistrar" />
83-->[com.google.firebase:firebase-auth:21.0.1] AndroidManifest.xml:79:17-82
84            <meta-data
84-->[com.google.firebase:firebase-firestore:23.0.4] AndroidManifest.xml:20:13-22:85
85                android:name="com.google.firebase.components:com.google.firebase.firestore.FirestoreRegistrar"
85-->[com.google.firebase:firebase-firestore:23.0.4] AndroidManifest.xml:21:17-111
86                android:value="com.google.firebase.components.ComponentRegistrar" />
86-->[com.google.firebase:firebase-firestore:23.0.4] AndroidManifest.xml:22:17-82
87            <meta-data
87-->[com.google.firebase:firebase-messaging:22.0.0] AndroidManifest.xml:52:13-54:85
88                android:name="com.google.firebase.components:com.google.firebase.messaging.FirebaseMessagingRegistrar"
88-->[com.google.firebase:firebase-messaging:22.0.0] AndroidManifest.xml:53:17-119
89                android:value="com.google.firebase.components.ComponentRegistrar" />
89-->[com.google.firebase:firebase-messaging:22.0.0] AndroidManifest.xml:54:17-82
90            <meta-data
90-->[com.google.firebase:firebase-datatransport:18.0.0] AndroidManifest.xml:28:13-30:85
91                android:name="com.google.firebase.components:com.google.firebase.datatransport.TransportRegistrar"
91-->[com.google.firebase:firebase-datatransport:18.0.0] AndroidManifest.xml:29:17-115
92                android:value="com.google.firebase.components.ComponentRegistrar" />
92-->[com.google.firebase:firebase-datatransport:18.0.0] AndroidManifest.xml:30:17-82
93            <meta-data
93-->[com.google.firebase:firebase-database:20.0.2] AndroidManifest.xml:32:13-34:85
94                android:name="com.google.firebase.components:com.google.firebase.database.DatabaseRegistrar"
94-->[com.google.firebase:firebase-database:20.0.2] AndroidManifest.xml:33:17-109
95                android:value="com.google.firebase.components.ComponentRegistrar" />
95-->[com.google.firebase:firebase-database:20.0.2] AndroidManifest.xml:34:17-82
96            <meta-data
96-->[com.google.firebase:firebase-installations:17.0.0] AndroidManifest.xml:18:13-20:85
97                android:name="com.google.firebase.components:com.google.firebase.installations.FirebaseInstallationsRegistrar"
97-->[com.google.firebase:firebase-installations:17.0.0] AndroidManifest.xml:19:17-127
98                android:value="com.google.firebase.components.ComponentRegistrar" />
98-->[com.google.firebase:firebase-installations:17.0.0] AndroidManifest.xml:20:17-82
99        </service>
100
101        <provider
101-->[:react-native-firebase_app] AndroidManifest.xml:20:9-24:38
102            android:name="io.invertase.firebase.app.ReactNativeFirebaseAppInitProvider"
102-->[:react-native-firebase_app] AndroidManifest.xml:21:13-88
103            android:authorities="com.lerningreactnative.reactnativefirebaseappinitprovider"
103-->[:react-native-firebase_app] AndroidManifest.xml:22:13-86
104            android:exported="false"
104-->[:react-native-firebase_app] AndroidManifest.xml:23:13-37
105            android:initOrder="99" />
105-->[:react-native-firebase_app] AndroidManifest.xml:24:13-35
106        <provider
106-->[:react-native-image-picker] AndroidManifest.xml:10:9-18:20
107            android:name="com.imagepicker.ImagePickerProvider"
107-->[:react-native-image-picker] AndroidManifest.xml:11:13-63
108            android:authorities="com.lerningreactnative.imagepickerprovider"
108-->[:react-native-image-picker] AndroidManifest.xml:12:13-71
109            android:exported="false"
109-->[:react-native-image-picker] AndroidManifest.xml:13:13-37
110            android:grantUriPermissions="true" >
110-->[:react-native-image-picker] AndroidManifest.xml:14:13-47
111            <meta-data
111-->[:react-native-image-picker] AndroidManifest.xml:15:13-17:70
112                android:name="android.support.FILE_PROVIDER_PATHS"
112-->[:react-native-image-picker] AndroidManifest.xml:16:17-67
113                android:resource="@xml/imagepicker_provider_paths" />
113-->[:react-native-image-picker] AndroidManifest.xml:17:17-67
114        </provider>
115
116        <activity
116-->[com.google.firebase:firebase-auth:21.0.1] AndroidManifest.xml:27:9-44:20
117            android:name="com.google.firebase.auth.internal.GenericIdpActivity"
117-->[com.google.firebase:firebase-auth:21.0.1] AndroidManifest.xml:28:13-80
118            android:excludeFromRecents="true"
118-->[com.google.firebase:firebase-auth:21.0.1] AndroidManifest.xml:29:13-46
119            android:exported="true"
119-->[com.google.firebase:firebase-auth:21.0.1] AndroidManifest.xml:30:13-36
120            android:launchMode="singleTask"
120-->[com.google.firebase:firebase-auth:21.0.1] AndroidManifest.xml:31:13-44
121            android:theme="@android:style/Theme.Translucent.NoTitleBar" >
121-->[com.google.firebase:firebase-auth:21.0.1] AndroidManifest.xml:32:13-72
122            <intent-filter>
122-->[com.google.firebase:firebase-auth:21.0.1] AndroidManifest.xml:33:13-43:29
123                <action android:name="android.intent.action.VIEW" />
123-->[com.google.firebase:firebase-auth:21.0.1] AndroidManifest.xml:34:17-69
123-->[com.google.firebase:firebase-auth:21.0.1] AndroidManifest.xml:34:25-66
124
125                <category android:name="android.intent.category.DEFAULT" />
125-->[com.google.firebase:firebase-auth:21.0.1] AndroidManifest.xml:36:17-76
125-->[com.google.firebase:firebase-auth:21.0.1] AndroidManifest.xml:36:27-73
126                <category android:name="android.intent.category.BROWSABLE" />
126-->[com.google.firebase:firebase-auth:21.0.1] AndroidManifest.xml:37:17-78
126-->[com.google.firebase:firebase-auth:21.0.1] AndroidManifest.xml:37:27-75
127
128                <data
128-->[com.google.firebase:firebase-auth:21.0.1] AndroidManifest.xml:39:17-42:51
129                    android:host="firebase.auth"
129-->[com.google.firebase:firebase-auth:21.0.1] AndroidManifest.xml:40:21-49
130                    android:path="/"
130-->[com.google.firebase:firebase-auth:21.0.1] AndroidManifest.xml:41:21-37
131                    android:scheme="genericidp" />
131-->[com.google.firebase:firebase-auth:21.0.1] AndroidManifest.xml:42:21-48
132            </intent-filter>
133        </activity>
134        <activity
134-->[com.google.firebase:firebase-auth:21.0.1] AndroidManifest.xml:45:9-62:20
135            android:name="com.google.firebase.auth.internal.RecaptchaActivity"
135-->[com.google.firebase:firebase-auth:21.0.1] AndroidManifest.xml:46:13-79
136            android:excludeFromRecents="true"
136-->[com.google.firebase:firebase-auth:21.0.1] AndroidManifest.xml:47:13-46
137            android:exported="true"
137-->[com.google.firebase:firebase-auth:21.0.1] AndroidManifest.xml:48:13-36
138            android:launchMode="singleTask"
138-->[com.google.firebase:firebase-auth:21.0.1] AndroidManifest.xml:49:13-44
139            android:theme="@android:style/Theme.Translucent.NoTitleBar" >
139-->[com.google.firebase:firebase-auth:21.0.1] AndroidManifest.xml:50:13-72
140            <intent-filter>
140-->[com.google.firebase:firebase-auth:21.0.1] AndroidManifest.xml:51:13-61:29
141                <action android:name="android.intent.action.VIEW" />
141-->[com.google.firebase:firebase-auth:21.0.1] AndroidManifest.xml:34:17-69
141-->[com.google.firebase:firebase-auth:21.0.1] AndroidManifest.xml:34:25-66
142
143                <category android:name="android.intent.category.DEFAULT" />
143-->[com.google.firebase:firebase-auth:21.0.1] AndroidManifest.xml:36:17-76
143-->[com.google.firebase:firebase-auth:21.0.1] AndroidManifest.xml:36:27-73
144                <category android:name="android.intent.category.BROWSABLE" />
144-->[com.google.firebase:firebase-auth:21.0.1] AndroidManifest.xml:37:17-78
144-->[com.google.firebase:firebase-auth:21.0.1] AndroidManifest.xml:37:27-75
145
146                <data
146-->[com.google.firebase:firebase-auth:21.0.1] AndroidManifest.xml:39:17-42:51
147                    android:host="firebase.auth"
147-->[com.google.firebase:firebase-auth:21.0.1] AndroidManifest.xml:40:21-49
148                    android:path="/"
148-->[com.google.firebase:firebase-auth:21.0.1] AndroidManifest.xml:41:21-37
149                    android:scheme="recaptcha" />
149-->[com.google.firebase:firebase-auth:21.0.1] AndroidManifest.xml:42:21-48
150            </intent-filter>
151        </activity>
152
153        <service
153-->[com.google.firebase:firebase-auth:21.0.1] AndroidManifest.xml:64:9-73:19
154            android:name="com.google.firebase.auth.api.fallback.service.FirebaseAuthFallbackService"
154-->[com.google.firebase:firebase-auth:21.0.1] AndroidManifest.xml:65:13-101
155            android:enabled="true"
155-->[com.google.firebase:firebase-auth:21.0.1] AndroidManifest.xml:66:13-35
156            android:exported="false" >
156-->[com.google.firebase:firebase-auth:21.0.1] AndroidManifest.xml:67:13-37
157            <intent-filter>
157-->[com.google.firebase:firebase-auth:21.0.1] AndroidManifest.xml:68:13-72:29
158                <action android:name="com.google.firebase.auth.api.gms.service.START" />
158-->[com.google.firebase:firebase-auth:21.0.1] AndroidManifest.xml:69:17-89
158-->[com.google.firebase:firebase-auth:21.0.1] AndroidManifest.xml:69:25-86
159
160                <category android:name="android.intent.category.DEFAULT" />
160-->[com.google.firebase:firebase-auth:21.0.1] AndroidManifest.xml:36:17-76
160-->[com.google.firebase:firebase-auth:21.0.1] AndroidManifest.xml:36:27-73
161            </intent-filter>
162        </service>
163
164        <receiver
164-->[com.google.firebase:firebase-messaging:22.0.0] AndroidManifest.xml:28:9-35:20
165            android:name="com.google.firebase.iid.FirebaseInstanceIdReceiver"
165-->[com.google.firebase:firebase-messaging:22.0.0] AndroidManifest.xml:29:13-78
166            android:exported="true"
166-->[com.google.firebase:firebase-messaging:22.0.0] AndroidManifest.xml:30:13-36
167            android:permission="com.google.android.c2dm.permission.SEND" >
167-->[com.google.firebase:firebase-messaging:22.0.0] AndroidManifest.xml:31:13-73
168            <intent-filter>
168-->[:react-native-firebase_messaging] AndroidManifest.xml:27:13-29:29
169                <action android:name="com.google.android.c2dm.intent.RECEIVE" />
169-->[:react-native-firebase_messaging] AndroidManifest.xml:28:17-81
169-->[:react-native-firebase_messaging] AndroidManifest.xml:28:25-78
170            </intent-filter>
171        </receiver>
172        <!--
173             FirebaseMessagingService performs security checks at runtime,
174             but set to not exported to explicitly avoid allowing another app to call it.
175        -->
176        <service
176-->[com.google.firebase:firebase-messaging:22.0.0] AndroidManifest.xml:41:9-48:19
177            android:name="com.google.firebase.messaging.FirebaseMessagingService"
177-->[com.google.firebase:firebase-messaging:22.0.0] AndroidManifest.xml:42:13-82
178            android:directBootAware="true"
178-->[com.google.firebase:firebase-messaging:22.0.0] AndroidManifest.xml:43:13-43
179            android:exported="false" >
179-->[com.google.firebase:firebase-messaging:22.0.0] AndroidManifest.xml:44:13-37
180            <intent-filter android:priority="-500" >
180-->[:react-native-firebase_messaging] AndroidManifest.xml:18:13-20:29
181                <action android:name="com.google.firebase.MESSAGING_EVENT" />
181-->[:react-native-firebase_messaging] AndroidManifest.xml:19:17-78
181-->[:react-native-firebase_messaging] AndroidManifest.xml:19:25-75
182            </intent-filter>
183        </service>
184        <service
184-->[com.google.android.datatransport:transport-backend-cct:3.0.0] AndroidManifest.xml:29:9-35:19
185            android:name="com.google.android.datatransport.runtime.backends.TransportBackendDiscovery"
185-->[com.google.android.datatransport:transport-backend-cct:3.0.0] AndroidManifest.xml:30:13-103
186            android:exported="false" >
186-->[com.google.android.datatransport:transport-backend-cct:3.0.0] AndroidManifest.xml:31:13-37
187            <meta-data
187-->[com.google.android.datatransport:transport-backend-cct:3.0.0] AndroidManifest.xml:32:13-34:39
188                android:name="backend:com.google.android.datatransport.cct.CctBackendFactory"
188-->[com.google.android.datatransport:transport-backend-cct:3.0.0] AndroidManifest.xml:33:17-94
189                android:value="cct" />
189-->[com.google.android.datatransport:transport-backend-cct:3.0.0] AndroidManifest.xml:34:17-36
190        </service>
191        <service
191-->[com.google.android.datatransport:transport-runtime:3.0.0] AndroidManifest.xml:26:9-30:19
192            android:name="com.google.android.datatransport.runtime.scheduling.jobscheduling.JobInfoSchedulerService"
192-->[com.google.android.datatransport:transport-runtime:3.0.0] AndroidManifest.xml:27:13-117
193            android:exported="false"
193-->[com.google.android.datatransport:transport-runtime:3.0.0] AndroidManifest.xml:28:13-37
194            android:permission="android.permission.BIND_JOB_SERVICE" >
194-->[com.google.android.datatransport:transport-runtime:3.0.0] AndroidManifest.xml:29:13-69
195        </service>
196
197        <receiver
197-->[com.google.android.datatransport:transport-runtime:3.0.0] AndroidManifest.xml:32:9-34:40
198            android:name="com.google.android.datatransport.runtime.scheduling.jobscheduling.AlarmManagerSchedulerBroadcastReceiver"
198-->[com.google.android.datatransport:transport-runtime:3.0.0] AndroidManifest.xml:33:13-132
199            android:exported="false" />
199-->[com.google.android.datatransport:transport-runtime:3.0.0] AndroidManifest.xml:34:13-37
200
201        <activity
201-->[com.google.android.gms:play-services-auth:19.2.0] AndroidManifest.xml:23:9-27:75
202            android:name="com.google.android.gms.auth.api.signin.internal.SignInHubActivity"
202-->[com.google.android.gms:play-services-auth:19.2.0] AndroidManifest.xml:24:13-93
203            android:excludeFromRecents="true"
203-->[com.google.android.gms:play-services-auth:19.2.0] AndroidManifest.xml:25:13-46
204            android:exported="false"
204-->[com.google.android.gms:play-services-auth:19.2.0] AndroidManifest.xml:26:13-37
205            android:theme="@android:style/Theme.Translucent.NoTitleBar" />
205-->[com.google.android.gms:play-services-auth:19.2.0] AndroidManifest.xml:27:13-72
206        <!--
207            Service handling Google Sign-In user revocation. For apps that do not integrate with
208            Google Sign-In, this service will never be started.
209        -->
210        <service
210-->[com.google.android.gms:play-services-auth:19.2.0] AndroidManifest.xml:33:9-37:51
211            android:name="com.google.android.gms.auth.api.signin.RevocationBoundService"
211-->[com.google.android.gms:play-services-auth:19.2.0] AndroidManifest.xml:34:13-89
212            android:exported="true"
212-->[com.google.android.gms:play-services-auth:19.2.0] AndroidManifest.xml:35:13-36
213            android:permission="com.google.android.gms.auth.api.signin.permission.REVOCATION_NOTIFICATION"
213-->[com.google.android.gms:play-services-auth:19.2.0] AndroidManifest.xml:36:13-107
214            android:visibleToInstantApps="true" />
214-->[com.google.android.gms:play-services-auth:19.2.0] AndroidManifest.xml:37:13-48
215
216        <activity
216-->[com.google.android.gms:play-services-base:17.5.0] AndroidManifest.xml:23:9-26:75
217            android:name="com.google.android.gms.common.api.GoogleApiActivity"
217-->[com.google.android.gms:play-services-base:17.5.0] AndroidManifest.xml:24:13-79
218            android:exported="false"
218-->[com.google.android.gms:play-services-base:17.5.0] AndroidManifest.xml:25:13-37
219            android:theme="@android:style/Theme.Translucent.NoTitleBar" />
219-->[com.google.android.gms:play-services-base:17.5.0] AndroidManifest.xml:26:13-72
220
221        <provider
221-->[com.google.firebase:firebase-common:20.0.0] AndroidManifest.xml:26:9-31:39
222            android:name="com.google.firebase.provider.FirebaseInitProvider"
222-->[com.google.firebase:firebase-common:20.0.0] AndroidManifest.xml:27:13-77
223            android:authorities="com.lerningreactnative.firebaseinitprovider"
223-->[com.google.firebase:firebase-common:20.0.0] AndroidManifest.xml:28:13-72
224            android:directBootAware="true"
224-->[com.google.firebase:firebase-common:20.0.0] AndroidManifest.xml:29:13-43
225            android:exported="false"
225-->[com.google.firebase:firebase-common:20.0.0] AndroidManifest.xml:30:13-37
226            android:initOrder="100" />
226-->[com.google.firebase:firebase-common:20.0.0] AndroidManifest.xml:31:13-36
227
228        <meta-data
228-->[com.google.android.gms:play-services-basement:17.5.0] AndroidManifest.xml:23:9-25:69
229            android:name="com.google.android.gms.version"
229-->[com.google.android.gms:play-services-basement:17.5.0] AndroidManifest.xml:24:13-58
230            android:value="@integer/google_play_services_version" />
230-->[com.google.android.gms:play-services-basement:17.5.0] AndroidManifest.xml:25:13-66
231    </application>
232
233</manifest>